after_construct: no root; postpone
after_construct: no root; postpone
after_construct: no root; will retry when root appears
install_app_hooks: ready
after_construct: no root; postpone
2025-09-18 16:10:55 after_construct: no root; postpone
2025-09-18 16:17:30 after_construct: no root; postpone
2025-09-18 16:21:19 after_construct: no root; postpone
2025-09-18 16:22:30 after_construct: no root; postpone
2025-09-18 17:28:58 after_construct: no root; postpone
2025-09-18 17:31:23 hooks installed on App
2025-09-18 17:31:23 after_construct: no root; giving up
2025-09-18 17:50:48 hooks installed on App
2025-09-18 17:50:48 after_construct: no root; giving up
2025-09-18 17:51:38 hooks installed on App
2025-09-18 17:59:34 hooks installed on App
2025-09-18 18:00:36 hooks installed on App
2025-09-18 18:45:58 hooks installed on App
2025-09-18 20:05:14 hooks installed on App
2025-09-18 20:07:09 hooks installed on App
2025-09-18 20:07:49 hooks installed on App
2025-09-18 20:23:47 hooks installed on App
[2025-09-19 06:44:15] INSTALL - File SHA-256: pf/state_theme.py = 48210CBDB1F8E17F843CD93870C71E739AC5CF5D38E899D8FF7A2B551400E511
[2025-09-19 06:44:15] INSTALL - File SHA-256: pf/ui_app.py = C10D811C158AD7FBFC364682B1496B9C66D823FF62AF6083D677261E4DCF9A71
[2025-09-19 07:49:06] SESSION START - pf.state_theme/1.0.0 (SHA:48210cbd) project:PromptForge root:G:\My Drive\Code\Python\PromptForge
[2025-09-19 07:49:06] Scenario persistence wired (trace_add)
[2025-09-19 07:49:06] Project auto-open: no suitable open method found
[2025-09-19 07:52:12] SESSION START - pf.state_theme/1.0.0 (SHA:48210cbd) project:PromptForge root:G:\My Drive\Code\Python\PromptForge
[2025-09-19 07:52:12] Scenario persistence wired (trace_add)
[2025-09-19 07:52:12] Project auto-open: no suitable open method found
[2025-09-19 07:54:07] SESSION START - pf.state_theme/1.0.0 (SHA:48210cbd) project:PromptForge root:G:\My Drive\Code\Python\PromptForge
[2025-09-19 07:54:07] Scenario persistence wired (trace_add)
[2025-09-19 07:54:07] Project auto-open: no suitable open method found
[2025-09-19 07:54:47] SESSION START - pf.state_theme/1.0.0 (SHA:48210cbd) project:PromptForge root:G:\My Drive\Code\Python\PromptForge
[2025-09-19 07:54:47] Scenario persistence wired (trace_add)
[2025-09-19 07:54:47] Project auto-open: no suitable open method found
[2025-09-19 08:07:23] SESSION START - pf.state_theme/1.0.0 (SHA:48210cbd) project:PromptForge root:G:\My Drive\Code\Python\PromptForge
[2025-09-19 08:07:23] Scenario persistence wired (trace_add)
[2025-09-19 08:07:23] Project auto-open: no suitable open method found
[2025-09-19 08:45:09] SESSION START - pf.state_theme/1.0.1 (SHA:097c1deb) project:PromptForge root:G:\My Drive\Code\Python\PromptForge
[2025-09-19 08:45:09] Theme applied: background tinted #880000
[2025-09-19 08:45:09] Badge placed via pack(side='right') with color #880000 on Frame
[2025-09-19 08:45:09] Title stamped: │ 2025-09-19 08:45:09 │ pf.state_theme/1.0.1
[2025-09-19 08:45:09] Scenario persistence wired (trace_add)
[2025-09-19 08:45:09] Project auto-open wired via trace_add to _project_open_selected()
[2025-09-19 08:45:24] Scenario saved: app_selfcheck
[2025-09-19 08:45:24] Auto-opened project: G:\My Drive\Code\Python\cubist_art via _project_open_selected()
[2025-09-19 10:25:44] Scenario saved: app_selfcheck
[2025-09-19 10:25:44] Auto-opened project: G:\My Drive\Code\Python\cubist_art via _project_open_selected()
[2025-09-19 10:36:44] SESSION START - pf.state_theme/1.0.1 (SHA:097c1deb) project:PromptForge root:G:\My Drive\Code\Python\PromptForge
[2025-09-19 10:36:44] Theme applied: background tinted #880000
[2025-09-19 10:36:44] Badge placed via pack(side='right') with color #880000 on Frame
[2025-09-19 10:36:44] Title stamped: │ 2025-09-19 10:36:44 │ pf.state_theme/1.0.1
[2025-09-19 10:36:44] Scenario restored: app_selfcheck
[2025-09-19 10:36:44] Scenario persistence wired (trace_add)
[2025-09-19 10:36:44] Project auto-open wired via trace_add to _project_open_selected()
[2025-09-19 10:37:43] SESSION START - pf.state_theme/1.0.1 (SHA:097c1deb) project:PromptForge root:G:\My Drive\Code\Python\PromptForge
[2025-09-19 10:37:43] Theme applied: background tinted #880000
[2025-09-19 10:37:43] Badge placed via pack(side='right') with color #880000 on Frame
[2025-09-19 10:37:43] Title stamped: │ 2025-09-19 10:37:43 │ pf.state_theme/1.0.1
[2025-09-19 10:37:43] Scenario restored: app_selfcheck
[2025-09-19 10:37:43] Scenario persistence wired (trace_add)
[2025-09-19 10:37:43] Project auto-open wired via trace_add to _project_open_selected()
[2025-09-19 10:51:25] SESSION START - pf.state_theme/1.0.1 (SHA:097c1deb) project:PromptForge root:G:\My Drive\Code\Python\PromptForge
[2025-09-19 10:51:25] Theme applied: background tinted #880000
[2025-09-19 10:51:25] Badge placed via pack(side='right') with color #880000 on Frame
[2025-09-19 10:51:25] Title stamped: │ 2025-09-19 10:51:25 │ pf.state_theme/1.0.1
[2025-09-19 10:51:25] Scenario restored: app_selfcheck
[2025-09-19 10:51:25] Scenario persistence wired (trace_add)
[2025-09-19 10:51:25] Project auto-open wired via trace_add to _project_open_selected()
